<?xml version="1.0" encoding="UTF-8"?>
<!-- Generated by org.testng.reporters.JUnitReportReporter -->
<testsuite hostname="Abhishek" failures="0" tests="1" name="com.proxy.App" time="0.824" errors="0" timestamp="2020-02-09T11:18:49 IST" skipped="0">
  <testcase classname="com.proxy.App" name="testProxifying" time="0.824"/>
</testsuite> <!-- com.proxy.App -->
